11/08/2025 19:30:13.749 [main] INFO  o.a.k.c.producer.ProducerConfig - Idempotence will be disabled because acks is set to 0, not set to 'all'.
11/08/2025 19:30:13.756 [main] INFO  o.a.k.c.producer.ProducerConfig - ProducerConfig values: 
	acks = 0
	auto.include.jmx.reporter = true
	batch.size = 16384
	bootstrap.servers = [localhost:9092, localhost:9093]
	buffer.memory = 33554432
	client.dns.lookup = use_all_dns_ips
	client.id = producer-1
	compression.type = none
	connections.max.idle.ms = 540000
	delivery.timeout.ms = 120000
	enable.idempotence = false
	interceptor.classes = []
	key.serializer = class org.apache.kafka.common.serialization.StringSerializer
	linger.ms = 0
	max.block.ms = 60000
	max.in.flight.requests.per.connection = 5
	max.request.size = 1048576
	metadata.max.age.ms = 300000
	metadata.max.idle.ms = 300000
	metric.reporters = []
	metrics.num.samples = 2
	metrics.recording.level = INFO
	metrics.sample.window.ms = 30000
	partitioner.adaptive.partitioning.enable = true
	partitioner.availability.timeout.ms = 0
	partitioner.class = null
	partitioner.ignore.keys = false
	receive.buffer.bytes = 32768
	reconnect.backoff.max.ms = 1000
	reconnect.backoff.ms = 50
	request.timeout.ms = 30000
	retries = 2147483647
	retry.backoff.ms = 100
	sasl.client.callback.handler.class = null
	sasl.jaas.config = null
	sasl.kerberos.kinit.cmd = /usr/bin/kinit
	sasl.kerberos.min.time.before.relogin = 60000
	sasl.kerberos.service.name = null
	sasl.kerberos.ticket.renew.jitter = 0.05
	sasl.kerberos.ticket.renew.window.factor = 0.8
	sasl.login.callback.handler.class = null
	sasl.login.class = null
	sasl.login.connect.timeout.ms = null
	sasl.login.read.timeout.ms = null
	sasl.login.refresh.buffer.seconds = 300
	sasl.login.refresh.min.period.seconds = 60
	sasl.login.refresh.window.factor = 0.8
	sasl.login.refresh.window.jitter = 0.05
	sasl.login.retry.backoff.max.ms = 10000
	sasl.login.retry.backoff.ms = 100
	sasl.mechanism = GSSAPI
	sasl.oauthbearer.clock.skew.seconds = 30
	sasl.oauthbearer.expected.audience = null
	sasl.oauthbearer.expected.issuer = null
	sasl.oauthbearer.jwks.endpoint.refresh.ms = 3600000
	sasl.oauthbearer.jwks.endpoint.retry.backoff.max.ms = 10000
	sasl.oauthbearer.jwks.endpoint.retry.backoff.ms = 100
	sasl.oauthbearer.jwks.endpoint.url = null
	sasl.oauthbearer.scope.claim.name = scope
	sasl.oauthbearer.sub.claim.name = sub
	sasl.oauthbearer.token.endpoint.url = null
	security.protocol = PLAINTEXT
	security.providers = null
	send.buffer.bytes = 131072
	socket.connection.setup.timeout.max.ms = 30000
	socket.connection.setup.timeout.ms = 10000
	ssl.cipher.suites = null
	ssl.enabled.protocols = [TLSv1.2, TLSv1.3]
	ssl.endpoint.identification.algorithm = https
	ssl.engine.factory.class = null
	ssl.key.password = null
	ssl.keymanager.algorithm = SunX509
	ssl.keystore.certificate.chain = null
	ssl.keystore.key = null
	ssl.keystore.location = null
	ssl.keystore.password = null
	ssl.keystore.type = JKS
	ssl.protocol = TLSv1.3
	ssl.provider = null
	ssl.secure.random.implementation = null
	ssl.trustmanager.algorithm = PKIX
	ssl.truststore.certificates = null
	ssl.truststore.location = null
	ssl.truststore.password = null
	ssl.truststore.type = JKS
	transaction.timeout.ms = 60000
	transactional.id = null
	value.serializer = class org.apache.kafka.common.serialization.StringSerializer

11/08/2025 19:30:14.208 [main] INFO  o.a.kafka.common.utils.AppInfoParser - Kafka version: 3.6.1
11/08/2025 19:30:14.208 [main] INFO  o.a.kafka.common.utils.AppInfoParser - Kafka commitId: 5e3c2b738d253ff5
11/08/2025 19:30:14.208 [main] INFO  o.a.kafka.common.utils.AppInfoParser - Kafka startTimeMs: 1754915414204
11/08/2025 19:30:14.213 [main] INFO  c.e.k.p.MessageProducerService - MessageProducerService initialized.
11/08/2025 19:30:14.218 [main] INFO  c.example.kafka.producer.ProducerApp - Producer service started.
11/08/2025 19:30:14.219 [main] INFO  c.example.kafka.producer.ProducerApp - Enter messages to send to topic 'replicated-topic'. Type 'exit' to quit.
11/08/2025 19:30:14.220 [main] INFO  c.e.k.p.MessageProducerService - Closing MessageProducerService...
11/08/2025 19:30:14.233 [main] INFO  o.a.k.clients.producer.KafkaProducer - [Producer clientId=producer-1] Closing the Kafka producer with timeoutMillis = 9223372036854775807 ms.
11/08/2025 19:30:14.911 [main] INFO  o.a.kafka.common.metrics.Metrics - Metrics scheduler closed
11/08/2025 19:30:14.911 [main] INFO  o.a.kafka.common.metrics.Metrics - Closing reporter org.apache.kafka.common.metrics.JmxReporter
11/08/2025 19:30:14.912 [main] INFO  o.a.kafka.common.metrics.Metrics - Metrics reporters closed
11/08/2025 19:30:14.913 [main] INFO  o.a.kafka.common.utils.AppInfoParser - App info kafka.producer for producer-1 unregistered
11/08/2025 19:30:14.914 [main] INFO  c.e.k.p.MessageProducerService - MessageProducerService closed.
11/08/2025 19:30:14.914 [main] ERROR c.example.kafka.producer.ProducerApp - An error occurred in the producer application
java.util.NoSuchElementException: No line found
	at java.base/java.util.Scanner.nextLine(Scanner.java:1660)
	at com.example.kafka.producer.ProducerApp.main(ProducerApp.java:23)
11/08/2025 19:30:14.919 [main] INFO  c.example.kafka.producer.ProducerApp - Producer application finished.
11/08/2025 19:32:36.193 [main] INFO  o.a.k.c.producer.ProducerConfig - ProducerConfig values: 
	acks = -1
	auto.include.jmx.reporter = true
	batch.size = 16384
	bootstrap.servers = [localhost:9092, localhost:9093]
	buffer.memory = 33554432
	client.dns.lookup = use_all_dns_ips
	client.id = producer-1
	compression.type = none
	connections.max.idle.ms = 540000
	delivery.timeout.ms = 120000
	enable.idempotence = true
	interceptor.classes = []
	key.serializer = class org.apache.kafka.common.serialization.StringSerializer
	linger.ms = 0
	max.block.ms = 60000
	max.in.flight.requests.per.connection = 5
	max.request.size = 1048576
	metadata.max.age.ms = 300000
	metadata.max.idle.ms = 300000
	metric.reporters = []
	metrics.num.samples = 2
	metrics.recording.level = INFO
	metrics.sample.window.ms = 30000
	partitioner.adaptive.partitioning.enable = true
	partitioner.availability.timeout.ms = 0
	partitioner.class = null
	partitioner.ignore.keys = false
	receive.buffer.bytes = 32768
	reconnect.backoff.max.ms = 1000
	reconnect.backoff.ms = 50
	request.timeout.ms = 30000
	retries = 2147483647
	retry.backoff.ms = 100
	sasl.client.callback.handler.class = null
	sasl.jaas.config = null
	sasl.kerberos.kinit.cmd = /usr/bin/kinit
	sasl.kerberos.min.time.before.relogin = 60000
	sasl.kerberos.service.name = null
	sasl.kerberos.ticket.renew.jitter = 0.05
	sasl.kerberos.ticket.renew.window.factor = 0.8
	sasl.login.callback.handler.class = null
	sasl.login.class = null
	sasl.login.connect.timeout.ms = null
	sasl.login.read.timeout.ms = null
	sasl.login.refresh.buffer.seconds = 300
	sasl.login.refresh.min.period.seconds = 60
	sasl.login.refresh.window.factor = 0.8
	sasl.login.refresh.window.jitter = 0.05
	sasl.login.retry.backoff.max.ms = 10000
	sasl.login.retry.backoff.ms = 100
	sasl.mechanism = GSSAPI
	sasl.oauthbearer.clock.skew.seconds = 30
	sasl.oauthbearer.expected.audience = null
	sasl.oauthbearer.expected.issuer = null
	sasl.oauthbearer.jwks.endpoint.refresh.ms = 3600000
	sasl.oauthbearer.jwks.endpoint.retry.backoff.max.ms = 10000
	sasl.oauthbearer.jwks.endpoint.retry.backoff.ms = 100
	sasl.oauthbearer.jwks.endpoint.url = null
	sasl.oauthbearer.scope.claim.name = scope
	sasl.oauthbearer.sub.claim.name = sub
	sasl.oauthbearer.token.endpoint.url = null
	security.protocol = PLAINTEXT
	security.providers = null
	send.buffer.bytes = 131072
	socket.connection.setup.timeout.max.ms = 30000
	socket.connection.setup.timeout.ms = 10000
	ssl.cipher.suites = null
	ssl.enabled.protocols = [TLSv1.2, TLSv1.3]
	ssl.endpoint.identification.algorithm = https
	ssl.engine.factory.class = null
	ssl.key.password = null
	ssl.keymanager.algorithm = SunX509
	ssl.keystore.certificate.chain = null
	ssl.keystore.key = null
	ssl.keystore.location = null
	ssl.keystore.password = null
	ssl.keystore.type = JKS
	ssl.protocol = TLSv1.3
	ssl.provider = null
	ssl.secure.random.implementation = null
	ssl.trustmanager.algorithm = PKIX
	ssl.truststore.certificates = null
	ssl.truststore.location = null
	ssl.truststore.password = null
	ssl.truststore.type = JKS
	transaction.timeout.ms = 60000
	transactional.id = null
	value.serializer = class org.apache.kafka.common.serialization.StringSerializer

11/08/2025 19:32:36.706 [main] INFO  o.a.k.clients.producer.KafkaProducer - [Producer clientId=producer-1] Instantiated an idempotent producer.
11/08/2025 19:32:36.898 [main] INFO  o.a.kafka.common.utils.AppInfoParser - Kafka version: 3.6.1
11/08/2025 19:32:36.914 [main] INFO  o.a.kafka.common.utils.AppInfoParser - Kafka commitId: 5e3c2b738d253ff5
11/08/2025 19:32:36.917 [main] INFO  o.a.kafka.common.utils.AppInfoParser - Kafka startTimeMs: 1754915556876
11/08/2025 19:32:36.936 [main] INFO  c.e.k.p.MessageProducerService - MessageProducerService initialized.
11/08/2025 19:32:36.949 [main] INFO  c.example.kafka.producer.ProducerApp - Producer service started.
11/08/2025 19:32:36.950 [main] INFO  c.example.kafka.producer.ProducerApp - Enter messages to send to topic 'replicated-topic'. Type 'exit' to quit.
11/08/2025 19:32:36.957 [main] INFO  c.e.k.p.MessageProducerService - Closing MessageProducerService...
11/08/2025 19:32:36.967 [main] INFO  o.a.k.clients.producer.KafkaProducer - [Producer clientId=producer-1] Closing the Kafka producer with timeoutMillis = 9223372036854775807 ms.
11/08/2025 19:32:37.751 [kafka-producer-network-thread | producer-1] INFO  org.apache.kafka.clients.Metadata - [Producer clientId=producer-1] Cluster ID: hUwnUS10T4mpU_UyPyHxZQ
11/08/2025 19:32:37.800 [kafka-producer-network-thread | producer-1] INFO  o.a.k.c.p.i.TransactionManager - [Producer clientId=producer-1] ProducerId set to 0 with epoch 0
11/08/2025 19:32:37.819 [main] INFO  o.a.kafka.common.metrics.Metrics - Metrics scheduler closed
11/08/2025 19:32:37.820 [main] INFO  o.a.kafka.common.metrics.Metrics - Closing reporter org.apache.kafka.common.metrics.JmxReporter
11/08/2025 19:32:37.821 [main] INFO  o.a.kafka.common.metrics.Metrics - Metrics reporters closed
11/08/2025 19:32:37.823 [main] INFO  o.a.kafka.common.utils.AppInfoParser - App info kafka.producer for producer-1 unregistered
11/08/2025 19:32:37.823 [main] INFO  c.e.k.p.MessageProducerService - MessageProducerService closed.
11/08/2025 19:32:37.824 [main] ERROR c.example.kafka.producer.ProducerApp - An error occurred in the producer application
java.util.NoSuchElementException: No line found
	at java.base/java.util.Scanner.nextLine(Scanner.java:1660)
	at com.example.kafka.producer.ProducerApp.main(ProducerApp.java:23)
11/08/2025 19:32:37.830 [main] INFO  c.example.kafka.producer.ProducerApp - Producer application finished.
11/08/2025 19:33:44.577 [main] INFO  o.a.k.c.producer.ProducerConfig - ProducerConfig values: 
	acks = -1
	auto.include.jmx.reporter = true
	batch.size = 16384
	bootstrap.servers = [localhost:9092, localhost:9093]
	buffer.memory = 33554432
	client.dns.lookup = use_all_dns_ips
	client.id = producer-1
	compression.type = none
	connections.max.idle.ms = 540000
	delivery.timeout.ms = 120000
	enable.idempotence = true
	interceptor.classes = []
	key.serializer = class org.apache.kafka.common.serialization.StringSerializer
	linger.ms = 0
	max.block.ms = 60000
	max.in.flight.requests.per.connection = 5
	max.request.size = 1048576
	metadata.max.age.ms = 300000
	metadata.max.idle.ms = 300000
	metric.reporters = []
	metrics.num.samples = 2
	metrics.recording.level = INFO
	metrics.sample.window.ms = 30000
	partitioner.adaptive.partitioning.enable = true
	partitioner.availability.timeout.ms = 0
	partitioner.class = null
	partitioner.ignore.keys = false
	receive.buffer.bytes = 32768
	reconnect.backoff.max.ms = 1000
	reconnect.backoff.ms = 50
	request.timeout.ms = 30000
	retries = 2147483647
	retry.backoff.ms = 100
	sasl.client.callback.handler.class = null
	sasl.jaas.config = null
	sasl.kerberos.kinit.cmd = /usr/bin/kinit
	sasl.kerberos.min.time.before.relogin = 60000
	sasl.kerberos.service.name = null
	sasl.kerberos.ticket.renew.jitter = 0.05
	sasl.kerberos.ticket.renew.window.factor = 0.8
	sasl.login.callback.handler.class = null
	sasl.login.class = null
	sasl.login.connect.timeout.ms = null
	sasl.login.read.timeout.ms = null
	sasl.login.refresh.buffer.seconds = 300
	sasl.login.refresh.min.period.seconds = 60
	sasl.login.refresh.window.factor = 0.8
	sasl.login.refresh.window.jitter = 0.05
	sasl.login.retry.backoff.max.ms = 10000
	sasl.login.retry.backoff.ms = 100
	sasl.mechanism = GSSAPI
	sasl.oauthbearer.clock.skew.seconds = 30
	sasl.oauthbearer.expected.audience = null
	sasl.oauthbearer.expected.issuer = null
	sasl.oauthbearer.jwks.endpoint.refresh.ms = 3600000
	sasl.oauthbearer.jwks.endpoint.retry.backoff.max.ms = 10000
	sasl.oauthbearer.jwks.endpoint.retry.backoff.ms = 100
	sasl.oauthbearer.jwks.endpoint.url = null
	sasl.oauthbearer.scope.claim.name = scope
	sasl.oauthbearer.sub.claim.name = sub
	sasl.oauthbearer.token.endpoint.url = null
	security.protocol = PLAINTEXT
	security.providers = null
	send.buffer.bytes = 131072
	socket.connection.setup.timeout.max.ms = 30000
	socket.connection.setup.timeout.ms = 10000
	ssl.cipher.suites = null
	ssl.enabled.protocols = [TLSv1.2, TLSv1.3]
	ssl.endpoint.identification.algorithm = https
	ssl.engine.factory.class = null
	ssl.key.password = null
	ssl.keymanager.algorithm = SunX509
	ssl.keystore.certificate.chain = null
	ssl.keystore.key = null
	ssl.keystore.location = null
	ssl.keystore.password = null
	ssl.keystore.type = JKS
	ssl.protocol = TLSv1.3
	ssl.provider = null
	ssl.secure.random.implementation = null
	ssl.trustmanager.algorithm = PKIX
	ssl.truststore.certificates = null
	ssl.truststore.location = null
	ssl.truststore.password = null
	ssl.truststore.type = JKS
	transaction.timeout.ms = 60000
	transactional.id = null
	value.serializer = class org.apache.kafka.common.serialization.StringSerializer

11/08/2025 19:33:44.952 [main] INFO  o.a.k.clients.producer.KafkaProducer - [Producer clientId=producer-1] Instantiated an idempotent producer.
11/08/2025 19:33:45.070 [main] INFO  o.a.kafka.common.utils.AppInfoParser - Kafka version: 3.6.1
11/08/2025 19:33:45.073 [main] INFO  o.a.kafka.common.utils.AppInfoParser - Kafka commitId: 5e3c2b738d253ff5
11/08/2025 19:33:45.073 [main] INFO  o.a.kafka.common.utils.AppInfoParser - Kafka startTimeMs: 1754915625058
11/08/2025 19:33:45.078 [main] INFO  c.e.k.p.MessageProducerService - MessageProducerService initialized.
11/08/2025 19:33:45.084 [main] INFO  c.example.kafka.producer.ProducerApp - Producer service started.
11/08/2025 19:33:45.085 [main] INFO  c.example.kafka.producer.ProducerApp - Enter messages to send to topic 'replicated-topic'. Type 'exit' to quit.
11/08/2025 19:33:45.086 [main] INFO  c.e.k.p.MessageProducerService - Closing MessageProducerService...
11/08/2025 19:33:45.091 [main] INFO  o.a.k.clients.producer.KafkaProducer - [Producer clientId=producer-1] Closing the Kafka producer with timeoutMillis = 9223372036854775807 ms.
11/08/2025 19:33:45.846 [kafka-producer-network-thread | producer-1] INFO  org.apache.kafka.clients.Metadata - [Producer clientId=producer-1] Cluster ID: hUwnUS10T4mpU_UyPyHxZQ
11/08/2025 19:33:45.850 [kafka-producer-network-thread | producer-1] INFO  o.a.k.c.p.i.TransactionManager - [Producer clientId=producer-1] ProducerId set to 1 with epoch 0
11/08/2025 19:33:45.886 [main] INFO  o.a.kafka.common.metrics.Metrics - Metrics scheduler closed
11/08/2025 19:33:45.892 [main] INFO  o.a.kafka.common.metrics.Metrics - Closing reporter org.apache.kafka.common.metrics.JmxReporter
11/08/2025 19:33:45.895 [main] INFO  o.a.kafka.common.metrics.Metrics - Metrics reporters closed
11/08/2025 19:33:45.897 [main] INFO  o.a.kafka.common.utils.AppInfoParser - App info kafka.producer for producer-1 unregistered
11/08/2025 19:33:45.897 [main] INFO  c.e.k.p.MessageProducerService - MessageProducerService closed.
11/08/2025 19:33:45.897 [main] ERROR c.example.kafka.producer.ProducerApp - An error occurred in the producer application
java.util.NoSuchElementException: No line found
	at java.base/java.util.Scanner.nextLine(Scanner.java:1660)
	at com.example.kafka.producer.ProducerApp.main(ProducerApp.java:23)
11/08/2025 19:33:45.917 [main] INFO  c.example.kafka.producer.ProducerApp - Producer application finished.
11/08/2025 19:35:40.027 [main] INFO  o.a.k.c.producer.ProducerConfig - ProducerConfig values: 
	acks = -1
	auto.include.jmx.reporter = true
	batch.size = 16384
	bootstrap.servers = [localhost:9092, localhost:9093]
	buffer.memory = 33554432
	client.dns.lookup = use_all_dns_ips
	client.id = producer-1
	compression.type = none
	connections.max.idle.ms = 540000
	delivery.timeout.ms = 120000
	enable.idempotence = true
	interceptor.classes = []
	key.serializer = class org.apache.kafka.common.serialization.StringSerializer
	linger.ms = 0
	max.block.ms = 60000
	max.in.flight.requests.per.connection = 5
	max.request.size = 1048576
	metadata.max.age.ms = 300000
	metadata.max.idle.ms = 300000
	metric.reporters = []
	metrics.num.samples = 2
	metrics.recording.level = INFO
	metrics.sample.window.ms = 30000
	partitioner.adaptive.partitioning.enable = true
	partitioner.availability.timeout.ms = 0
	partitioner.class = null
	partitioner.ignore.keys = false
	receive.buffer.bytes = 32768
	reconnect.backoff.max.ms = 1000
	reconnect.backoff.ms = 50
	request.timeout.ms = 30000
	retries = 2147483647
	retry.backoff.ms = 100
	sasl.client.callback.handler.class = null
	sasl.jaas.config = null
	sasl.kerberos.kinit.cmd = /usr/bin/kinit
	sasl.kerberos.min.time.before.relogin = 60000
	sasl.kerberos.service.name = null
	sasl.kerberos.ticket.renew.jitter = 0.05
	sasl.kerberos.ticket.renew.window.factor = 0.8
	sasl.login.callback.handler.class = null
	sasl.login.class = null
	sasl.login.connect.timeout.ms = null
	sasl.login.read.timeout.ms = null
	sasl.login.refresh.buffer.seconds = 300
	sasl.login.refresh.min.period.seconds = 60
	sasl.login.refresh.window.factor = 0.8
	sasl.login.refresh.window.jitter = 0.05
	sasl.login.retry.backoff.max.ms = 10000
	sasl.login.retry.backoff.ms = 100
	sasl.mechanism = GSSAPI
	sasl.oauthbearer.clock.skew.seconds = 30
	sasl.oauthbearer.expected.audience = null
	sasl.oauthbearer.expected.issuer = null
	sasl.oauthbearer.jwks.endpoint.refresh.ms = 3600000
	sasl.oauthbearer.jwks.endpoint.retry.backoff.max.ms = 10000
	sasl.oauthbearer.jwks.endpoint.retry.backoff.ms = 100
	sasl.oauthbearer.jwks.endpoint.url = null
	sasl.oauthbearer.scope.claim.name = scope
	sasl.oauthbearer.sub.claim.name = sub
	sasl.oauthbearer.token.endpoint.url = null
	security.protocol = PLAINTEXT
	security.providers = null
	send.buffer.bytes = 131072
	socket.connection.setup.timeout.max.ms = 30000
	socket.connection.setup.timeout.ms = 10000
	ssl.cipher.suites = null
	ssl.enabled.protocols = [TLSv1.2, TLSv1.3]
	ssl.endpoint.identification.algorithm = https
	ssl.engine.factory.class = null
	ssl.key.password = null
	ssl.keymanager.algorithm = SunX509
	ssl.keystore.certificate.chain = null
	ssl.keystore.key = null
	ssl.keystore.location = null
	ssl.keystore.password = null
	ssl.keystore.type = JKS
	ssl.protocol = TLSv1.3
	ssl.provider = null
	ssl.secure.random.implementation = null
	ssl.trustmanager.algorithm = PKIX
	ssl.truststore.certificates = null
	ssl.truststore.location = null
	ssl.truststore.password = null
	ssl.truststore.type = JKS
	transaction.timeout.ms = 60000
	transactional.id = null
	value.serializer = class org.apache.kafka.common.serialization.StringSerializer

11/08/2025 19:35:40.322 [main] INFO  o.a.k.clients.producer.KafkaProducer - [Producer clientId=producer-1] Instantiated an idempotent producer.
11/08/2025 19:35:40.417 [main] INFO  o.a.kafka.common.utils.AppInfoParser - Kafka version: 3.6.1
11/08/2025 19:35:40.419 [main] INFO  o.a.kafka.common.utils.AppInfoParser - Kafka commitId: 5e3c2b738d253ff5
11/08/2025 19:35:40.420 [main] INFO  o.a.kafka.common.utils.AppInfoParser - Kafka startTimeMs: 1754915740407
11/08/2025 19:35:40.425 [main] INFO  c.e.k.p.MessageProducerService - MessageProducerService initialized.
11/08/2025 19:35:40.429 [main] INFO  c.example.kafka.producer.ProducerApp - Producer service started.
11/08/2025 19:35:40.430 [main] INFO  c.example.kafka.producer.ProducerApp - Enter messages to send to topic 'replicated-topic'. Type 'exit' to quit.
11/08/2025 19:35:40.431 [main] INFO  c.e.k.p.MessageProducerService - Closing MessageProducerService...
11/08/2025 19:35:40.435 [main] INFO  o.a.k.clients.producer.KafkaProducer - [Producer clientId=producer-1] Closing the Kafka producer with timeoutMillis = 9223372036854775807 ms.
11/08/2025 19:35:40.964 [kafka-producer-network-thread | producer-1] INFO  org.apache.kafka.clients.Metadata - [Producer clientId=producer-1] Cluster ID: hUwnUS10T4mpU_UyPyHxZQ
11/08/2025 19:35:40.966 [kafka-producer-network-thread | producer-1] INFO  o.a.k.c.p.i.TransactionManager - [Producer clientId=producer-1] ProducerId set to 2 with epoch 0
11/08/2025 19:35:40.979 [main] INFO  o.a.kafka.common.metrics.Metrics - Metrics scheduler closed
11/08/2025 19:35:40.979 [main] INFO  o.a.kafka.common.metrics.Metrics - Closing reporter org.apache.kafka.common.metrics.JmxReporter
11/08/2025 19:35:40.980 [main] INFO  o.a.kafka.common.metrics.Metrics - Metrics reporters closed
11/08/2025 19:35:40.981 [main] INFO  o.a.kafka.common.utils.AppInfoParser - App info kafka.producer for producer-1 unregistered
11/08/2025 19:35:40.981 [main] INFO  c.e.k.p.MessageProducerService - MessageProducerService closed.
11/08/2025 19:35:40.981 [main] ERROR c.example.kafka.producer.ProducerApp - An error occurred in the producer application
java.util.NoSuchElementException: No line found
	at java.base/java.util.Scanner.nextLine(Scanner.java:1660)
	at com.example.kafka.producer.ProducerApp.main(ProducerApp.java:23)
11/08/2025 19:35:40.986 [main] INFO  c.example.kafka.producer.ProducerApp - Producer application finished.
11/08/2025 21:08:50.899 [main] INFO  o.a.k.c.producer.ProducerConfig - ProducerConfig values: 
	acks = -1
	auto.include.jmx.reporter = true
	batch.size = 16384
	bootstrap.servers = [localhost:9092, localhost:9093]
	buffer.memory = 33554432
	client.dns.lookup = use_all_dns_ips
	client.id = producer-1
	compression.type = none
	connections.max.idle.ms = 540000
	delivery.timeout.ms = 120000
	enable.idempotence = true
	interceptor.classes = []
	key.serializer = class org.apache.kafka.common.serialization.StringSerializer
	linger.ms = 0
	max.block.ms = 60000
	max.in.flight.requests.per.connection = 5
	max.request.size = 1048576
	metadata.max.age.ms = 300000
	metadata.max.idle.ms = 300000
	metric.reporters = []
	metrics.num.samples = 2
	metrics.recording.level = INFO
	metrics.sample.window.ms = 30000
	partitioner.adaptive.partitioning.enable = true
	partitioner.availability.timeout.ms = 0
	partitioner.class = null
	partitioner.ignore.keys = false
	receive.buffer.bytes = 32768
	reconnect.backoff.max.ms = 1000
	reconnect.backoff.ms = 50
	request.timeout.ms = 30000
	retries = 2147483647
	retry.backoff.ms = 100
	sasl.client.callback.handler.class = null
	sasl.jaas.config = null
	sasl.kerberos.kinit.cmd = /usr/bin/kinit
	sasl.kerberos.min.time.before.relogin = 60000
	sasl.kerberos.service.name = null
	sasl.kerberos.ticket.renew.jitter = 0.05
	sasl.kerberos.ticket.renew.window.factor = 0.8
	sasl.login.callback.handler.class = null
	sasl.login.class = null
	sasl.login.connect.timeout.ms = null
	sasl.login.read.timeout.ms = null
	sasl.login.refresh.buffer.seconds = 300
	sasl.login.refresh.min.period.seconds = 60
	sasl.login.refresh.window.factor = 0.8
	sasl.login.refresh.window.jitter = 0.05
	sasl.login.retry.backoff.max.ms = 10000
	sasl.login.retry.backoff.ms = 100
	sasl.mechanism = GSSAPI
	sasl.oauthbearer.clock.skew.seconds = 30
	sasl.oauthbearer.expected.audience = null
	sasl.oauthbearer.expected.issuer = null
	sasl.oauthbearer.jwks.endpoint.refresh.ms = 3600000
	sasl.oauthbearer.jwks.endpoint.retry.backoff.max.ms = 10000
	sasl.oauthbearer.jwks.endpoint.retry.backoff.ms = 100
	sasl.oauthbearer.jwks.endpoint.url = null
	sasl.oauthbearer.scope.claim.name = scope
	sasl.oauthbearer.sub.claim.name = sub
	sasl.oauthbearer.token.endpoint.url = null
	security.protocol = PLAINTEXT
	security.providers = null
	send.buffer.bytes = 131072
	socket.connection.setup.timeout.max.ms = 30000
	socket.connection.setup.timeout.ms = 10000
	ssl.cipher.suites = null
	ssl.enabled.protocols = [TLSv1.2, TLSv1.3]
	ssl.endpoint.identification.algorithm = https
	ssl.engine.factory.class = null
	ssl.key.password = null
	ssl.keymanager.algorithm = SunX509
	ssl.keystore.certificate.chain = null
	ssl.keystore.key = null
	ssl.keystore.location = null
	ssl.keystore.password = null
	ssl.keystore.type = JKS
	ssl.protocol = TLSv1.3
	ssl.provider = null
	ssl.secure.random.implementation = null
	ssl.trustmanager.algorithm = PKIX
	ssl.truststore.certificates = null
	ssl.truststore.location = null
	ssl.truststore.password = null
	ssl.truststore.type = JKS
	transaction.timeout.ms = 60000
	transactional.id = null
	value.serializer = class org.apache.kafka.common.serialization.StringSerializer

11/08/2025 21:08:51.284 [main] INFO  o.a.k.clients.producer.KafkaProducer - [Producer clientId=producer-1] Instantiated an idempotent producer.
11/08/2025 21:08:51.380 [main] INFO  o.a.kafka.common.utils.AppInfoParser - Kafka version: 3.6.1
11/08/2025 21:08:51.382 [main] INFO  o.a.kafka.common.utils.AppInfoParser - Kafka commitId: 5e3c2b738d253ff5
11/08/2025 21:08:51.382 [main] INFO  o.a.kafka.common.utils.AppInfoParser - Kafka startTimeMs: 1754921331371
11/08/2025 21:08:51.387 [main] INFO  c.e.k.p.MessageProducerService - MessageProducerService initialized.
11/08/2025 21:08:51.393 [main] INFO  c.example.kafka.producer.ProducerApp - Producer service started.
11/08/2025 21:08:51.394 [main] INFO  c.example.kafka.producer.ProducerApp - Enter messages to send to topic 'replicated-topic'. Type 'exit' to quit.
11/08/2025 21:08:51.395 [main] INFO  c.e.k.p.MessageProducerService - Closing MessageProducerService...
11/08/2025 21:08:51.399 [main] INFO  o.a.k.clients.producer.KafkaProducer - [Producer clientId=producer-1] Closing the Kafka producer with timeoutMillis = 9223372036854775807 ms.
11/08/2025 21:08:51.918 [kafka-producer-network-thread | producer-1] INFO  org.apache.kafka.clients.Metadata - [Producer clientId=producer-1] Cluster ID: hUwnUS10T4mpU_UyPyHxZQ
11/08/2025 21:08:51.959 [kafka-producer-network-thread | producer-1] INFO  o.a.k.c.p.i.TransactionManager - [Producer clientId=producer-1] ProducerId set to 1000 with epoch 0
11/08/2025 21:08:51.978 [main] INFO  o.a.kafka.common.metrics.Metrics - Metrics scheduler closed
11/08/2025 21:08:51.979 [main] INFO  o.a.kafka.common.metrics.Metrics - Closing reporter org.apache.kafka.common.metrics.JmxReporter
11/08/2025 21:08:51.979 [main] INFO  o.a.kafka.common.metrics.Metrics - Metrics reporters closed
11/08/2025 21:08:51.981 [main] INFO  o.a.kafka.common.utils.AppInfoParser - App info kafka.producer for producer-1 unregistered
11/08/2025 21:08:51.982 [main] INFO  c.e.k.p.MessageProducerService - MessageProducerService closed.
11/08/2025 21:08:51.983 [main] ERROR c.example.kafka.producer.ProducerApp - An error occurred in the producer application
java.util.NoSuchElementException: No line found
	at java.base/java.util.Scanner.nextLine(Scanner.java:1660)
	at com.example.kafka.producer.ProducerApp.main(ProducerApp.java:23)
11/08/2025 21:08:51.988 [main] INFO  c.example.kafka.producer.ProducerApp - Producer application finished.
11/08/2025 21:10:17.071 [main] INFO  o.a.k.c.producer.ProducerConfig - ProducerConfig values: 
	acks = -1
	auto.include.jmx.reporter = true
	batch.size = 16384
	bootstrap.servers = [localhost:9092, localhost:9093]
	buffer.memory = 33554432
	client.dns.lookup = use_all_dns_ips
	client.id = producer-1
	compression.type = none
	connections.max.idle.ms = 540000
	delivery.timeout.ms = 120000
	enable.idempotence = true
	interceptor.classes = []
	key.serializer = class org.apache.kafka.common.serialization.StringSerializer
	linger.ms = 0
	max.block.ms = 60000
	max.in.flight.requests.per.connection = 5
	max.request.size = 1048576
	metadata.max.age.ms = 300000
	metadata.max.idle.ms = 300000
	metric.reporters = []
	metrics.num.samples = 2
	metrics.recording.level = INFO
	metrics.sample.window.ms = 30000
	partitioner.adaptive.partitioning.enable = true
	partitioner.availability.timeout.ms = 0
	partitioner.class = null
	partitioner.ignore.keys = false
	receive.buffer.bytes = 32768
	reconnect.backoff.max.ms = 1000
	reconnect.backoff.ms = 50
	request.timeout.ms = 30000
	retries = 2147483647
	retry.backoff.ms = 100
	sasl.client.callback.handler.class = null
	sasl.jaas.config = null
	sasl.kerberos.kinit.cmd = /usr/bin/kinit
	sasl.kerberos.min.time.before.relogin = 60000
	sasl.kerberos.service.name = null
	sasl.kerberos.ticket.renew.jitter = 0.05
	sasl.kerberos.ticket.renew.window.factor = 0.8
	sasl.login.callback.handler.class = null
	sasl.login.class = null
	sasl.login.connect.timeout.ms = null
	sasl.login.read.timeout.ms = null
	sasl.login.refresh.buffer.seconds = 300
	sasl.login.refresh.min.period.seconds = 60
	sasl.login.refresh.window.factor = 0.8
	sasl.login.refresh.window.jitter = 0.05
	sasl.login.retry.backoff.max.ms = 10000
	sasl.login.retry.backoff.ms = 100
	sasl.mechanism = GSSAPI
	sasl.oauthbearer.clock.skew.seconds = 30
	sasl.oauthbearer.expected.audience = null
	sasl.oauthbearer.expected.issuer = null
	sasl.oauthbearer.jwks.endpoint.refresh.ms = 3600000
	sasl.oauthbearer.jwks.endpoint.retry.backoff.max.ms = 10000
	sasl.oauthbearer.jwks.endpoint.retry.backoff.ms = 100
	sasl.oauthbearer.jwks.endpoint.url = null
	sasl.oauthbearer.scope.claim.name = scope
	sasl.oauthbearer.sub.claim.name = sub
	sasl.oauthbearer.token.endpoint.url = null
	security.protocol = PLAINTEXT
	security.providers = null
	send.buffer.bytes = 131072
	socket.connection.setup.timeout.max.ms = 30000
	socket.connection.setup.timeout.ms = 10000
	ssl.cipher.suites = null
	ssl.enabled.protocols = [TLSv1.2, TLSv1.3]
	ssl.endpoint.identification.algorithm = https
	ssl.engine.factory.class = null
	ssl.key.password = null
	ssl.keymanager.algorithm = SunX509
	ssl.keystore.certificate.chain = null
	ssl.keystore.key = null
	ssl.keystore.location = null
	ssl.keystore.password = null
	ssl.keystore.type = JKS
	ssl.protocol = TLSv1.3
	ssl.provider = null
	ssl.secure.random.implementation = null
	ssl.trustmanager.algorithm = PKIX
	ssl.truststore.certificates = null
	ssl.truststore.location = null
	ssl.truststore.password = null
	ssl.truststore.type = JKS
	transaction.timeout.ms = 60000
	transactional.id = null
	value.serializer = class org.apache.kafka.common.serialization.StringSerializer

11/08/2025 21:10:17.479 [main] INFO  o.a.k.clients.producer.KafkaProducer - [Producer clientId=producer-1] Instantiated an idempotent producer.
11/08/2025 21:10:17.618 [main] INFO  o.a.kafka.common.utils.AppInfoParser - Kafka version: 3.6.1
11/08/2025 21:10:17.622 [main] INFO  o.a.kafka.common.utils.AppInfoParser - Kafka commitId: 5e3c2b738d253ff5
11/08/2025 21:10:17.624 [main] INFO  o.a.kafka.common.utils.AppInfoParser - Kafka startTimeMs: 1754921417606
11/08/2025 21:10:17.632 [main] INFO  c.e.k.p.MessageProducerService - MessageProducerService initialized.
11/08/2025 21:10:17.636 [main] INFO  c.example.kafka.producer.ProducerApp - Producer service started.
11/08/2025 21:10:17.637 [main] INFO  c.example.kafka.producer.ProducerApp - Sending sample messages to topic 'replicated-topic'.
11/08/2025 21:10:18.277 [kafka-producer-network-thread | producer-1] INFO  org.apache.kafka.clients.Metadata - [Producer clientId=producer-1] Cluster ID: hUwnUS10T4mpU_UyPyHxZQ
11/08/2025 21:10:18.288 [kafka-producer-network-thread | producer-1] INFO  o.a.k.c.p.i.TransactionManager - [Producer clientId=producer-1] ProducerId set to 1001 with epoch 0
11/08/2025 21:10:18.606 [kafka-producer-network-thread | producer-1] INFO  c.e.k.p.MessageProducerService - Successfully sent message: key=0, value='Hello Kafka Message 0' to topic=replicated-topic, partition=0, offset=0
11/08/2025 21:10:18.610 [kafka-producer-network-thread | producer-1] INFO  c.e.k.p.MessageProducerService - Successfully sent message: key=1, value='Hello Kafka Message 1' to topic=replicated-topic, partition=0, offset=1
11/08/2025 21:10:18.612 [kafka-producer-network-thread | producer-1] INFO  c.e.k.p.MessageProducerService - Successfully sent message: key=2, value='Hello Kafka Message 2' to topic=replicated-topic, partition=0, offset=2
11/08/2025 21:10:18.623 [kafka-producer-network-thread | producer-1] INFO  c.e.k.p.MessageProducerService - Successfully sent message: key=3, value='Hello Kafka Message 3' to topic=replicated-topic, partition=0, offset=3
11/08/2025 21:10:18.722 [kafka-producer-network-thread | producer-1] INFO  c.e.k.p.MessageProducerService - Successfully sent message: key=4, value='Hello Kafka Message 4' to topic=replicated-topic, partition=0, offset=4
11/08/2025 21:10:18.821 [main] INFO  c.example.kafka.producer.ProducerApp - Finished sending sample messages.
11/08/2025 21:10:18.823 [main] INFO  c.e.k.p.MessageProducerService - Closing MessageProducerService...
11/08/2025 21:10:18.834 [main] INFO  o.a.k.clients.producer.KafkaProducer - [Producer clientId=producer-1] Closing the Kafka producer with timeoutMillis = 9223372036854775807 ms.
11/08/2025 21:10:18.936 [main] INFO  o.a.kafka.common.metrics.Metrics - Metrics scheduler closed
11/08/2025 21:10:18.937 [main] INFO  o.a.kafka.common.metrics.Metrics - Closing reporter org.apache.kafka.common.metrics.JmxReporter
11/08/2025 21:10:18.938 [main] INFO  o.a.kafka.common.metrics.Metrics - Metrics reporters closed
11/08/2025 21:10:18.940 [main] INFO  o.a.kafka.common.utils.AppInfoParser - App info kafka.producer for producer-1 unregistered
11/08/2025 21:10:18.941 [main] INFO  c.e.k.p.MessageProducerService - MessageProducerService closed.
11/08/2025 21:10:18.941 [main] INFO  c.example.kafka.producer.ProducerApp - Producer application finished.
11/08/2025 21:16:08.049 [main] INFO  o.a.k.c.producer.ProducerConfig - ProducerConfig values: 
	acks = -1
	auto.include.jmx.reporter = true
	batch.size = 16384
	bootstrap.servers = [localhost:9092, localhost:9093]
	buffer.memory = 33554432
	client.dns.lookup = use_all_dns_ips
	client.id = producer-1
	compression.type = none
	connections.max.idle.ms = 540000
	delivery.timeout.ms = 120000
	enable.idempotence = true
	interceptor.classes = []
	key.serializer = class org.apache.kafka.common.serialization.StringSerializer
	linger.ms = 0
	max.block.ms = 60000
	max.in.flight.requests.per.connection = 5
	max.request.size = 1048576
	metadata.max.age.ms = 300000
	metadata.max.idle.ms = 300000
	metric.reporters = []
	metrics.num.samples = 2
	metrics.recording.level = INFO
	metrics.sample.window.ms = 30000
	partitioner.adaptive.partitioning.enable = true
	partitioner.availability.timeout.ms = 0
	partitioner.class = null
	partitioner.ignore.keys = false
	receive.buffer.bytes = 32768
	reconnect.backoff.max.ms = 1000
	reconnect.backoff.ms = 50
	request.timeout.ms = 30000
	retries = 2147483647
	retry.backoff.ms = 100
	sasl.client.callback.handler.class = null
	sasl.jaas.config = null
	sasl.kerberos.kinit.cmd = /usr/bin/kinit
	sasl.kerberos.min.time.before.relogin = 60000
	sasl.kerberos.service.name = null
	sasl.kerberos.ticket.renew.jitter = 0.05
	sasl.kerberos.ticket.renew.window.factor = 0.8
	sasl.login.callback.handler.class = null
	sasl.login.class = null
	sasl.login.connect.timeout.ms = null
	sasl.login.read.timeout.ms = null
	sasl.login.refresh.buffer.seconds = 300
	sasl.login.refresh.min.period.seconds = 60
	sasl.login.refresh.window.factor = 0.8
	sasl.login.refresh.window.jitter = 0.05
	sasl.login.retry.backoff.max.ms = 10000
	sasl.login.retry.backoff.ms = 100
	sasl.mechanism = GSSAPI
	sasl.oauthbearer.clock.skew.seconds = 30
	sasl.oauthbearer.expected.audience = null
	sasl.oauthbearer.expected.issuer = null
	sasl.oauthbearer.jwks.endpoint.refresh.ms = 3600000
	sasl.oauthbearer.jwks.endpoint.retry.backoff.max.ms = 10000
	sasl.oauthbearer.jwks.endpoint.retry.backoff.ms = 100
	sasl.oauthbearer.jwks.endpoint.url = null
	sasl.oauthbearer.scope.claim.name = scope
	sasl.oauthbearer.sub.claim.name = sub
	sasl.oauthbearer.token.endpoint.url = null
	security.protocol = PLAINTEXT
	security.providers = null
	send.buffer.bytes = 131072
	socket.connection.setup.timeout.max.ms = 30000
	socket.connection.setup.timeout.ms = 10000
	ssl.cipher.suites = null
	ssl.enabled.protocols = [TLSv1.2, TLSv1.3]
	ssl.endpoint.identification.algorithm = https
	ssl.engine.factory.class = null
	ssl.key.password = null
	ssl.keymanager.algorithm = SunX509
	ssl.keystore.certificate.chain = null
	ssl.keystore.key = null
	ssl.keystore.location = null
	ssl.keystore.password = null
	ssl.keystore.type = JKS
	ssl.protocol = TLSv1.3
	ssl.provider = null
	ssl.secure.random.implementation = null
	ssl.trustmanager.algorithm = PKIX
	ssl.truststore.certificates = null
	ssl.truststore.location = null
	ssl.truststore.password = null
	ssl.truststore.type = JKS
	transaction.timeout.ms = 60000
	transactional.id = null
	value.serializer = class org.apache.kafka.common.serialization.StringSerializer

11/08/2025 21:16:08.387 [main] INFO  o.a.k.clients.producer.KafkaProducer - [Producer clientId=producer-1] Instantiated an idempotent producer.
11/08/2025 21:16:08.494 [main] INFO  o.a.kafka.common.utils.AppInfoParser - Kafka version: 3.6.1
11/08/2025 21:16:08.497 [main] INFO  o.a.kafka.common.utils.AppInfoParser - Kafka commitId: 5e3c2b738d253ff5
11/08/2025 21:16:08.497 [main] INFO  o.a.kafka.common.utils.AppInfoParser - Kafka startTimeMs: 1754921768483
11/08/2025 21:16:08.503 [main] INFO  c.e.k.p.MessageProducerService - MessageProducerService initialized.
11/08/2025 21:16:08.509 [main] INFO  c.example.kafka.producer.ProducerApp - Producer service started.
11/08/2025 21:16:08.509 [main] INFO  c.example.kafka.producer.ProducerApp - Sending sample messages to topic 'replicated-topic'.
11/08/2025 21:16:09.019 [kafka-producer-network-thread | producer-1] INFO  org.apache.kafka.clients.Metadata - [Producer clientId=producer-1] Cluster ID: hUwnUS10T4mpU_UyPyHxZQ
11/08/2025 21:16:09.021 [kafka-producer-network-thread | producer-1] INFO  o.a.k.c.p.i.TransactionManager - [Producer clientId=producer-1] ProducerId set to 3 with epoch 0
11/08/2025 21:16:09.091 [kafka-producer-network-thread | producer-1] INFO  c.e.k.p.MessageProducerService - Successfully sent message: key=0, value='Hello Kafka Message 0' to topic=replicated-topic, partition=0, offset=5
11/08/2025 21:16:09.149 [kafka-producer-network-thread | producer-1] INFO  c.e.k.p.MessageProducerService - Successfully sent message: key=1, value='Hello Kafka Message 1' to topic=replicated-topic, partition=0, offset=6
11/08/2025 21:16:09.246 [kafka-producer-network-thread | producer-1] INFO  c.e.k.p.MessageProducerService - Successfully sent message: key=2, value='Hello Kafka Message 2' to topic=replicated-topic, partition=0, offset=7
11/08/2025 21:16:09.346 [kafka-producer-network-thread | producer-1] INFO  c.e.k.p.MessageProducerService - Successfully sent message: key=3, value='Hello Kafka Message 3' to topic=replicated-topic, partition=0, offset=8
11/08/2025 21:16:09.446 [kafka-producer-network-thread | producer-1] INFO  c.e.k.p.MessageProducerService - Successfully sent message: key=4, value='Hello Kafka Message 4' to topic=replicated-topic, partition=0, offset=9
11/08/2025 21:16:09.542 [main] INFO  c.example.kafka.producer.ProducerApp - Finished sending sample messages.
11/08/2025 21:16:09.542 [main] INFO  c.e.k.p.MessageProducerService - Closing MessageProducerService...
11/08/2025 21:16:09.543 [main] INFO  o.a.k.clients.producer.KafkaProducer - [Producer clientId=producer-1] Closing the Kafka producer with timeoutMillis = 9223372036854775807 ms.
11/08/2025 21:16:09.558 [main] INFO  o.a.kafka.common.metrics.Metrics - Metrics scheduler closed
11/08/2025 21:16:09.559 [main] INFO  o.a.kafka.common.metrics.Metrics - Closing reporter org.apache.kafka.common.metrics.JmxReporter
11/08/2025 21:16:09.559 [main] INFO  o.a.kafka.common.metrics.Metrics - Metrics reporters closed
11/08/2025 21:16:09.560 [main] INFO  o.a.kafka.common.utils.AppInfoParser - App info kafka.producer for producer-1 unregistered
11/08/2025 21:16:09.561 [main] INFO  c.e.k.p.MessageProducerService - MessageProducerService closed.
11/08/2025 21:16:09.561 [main] INFO  c.example.kafka.producer.ProducerApp - Producer application finished.
11/08/2025 21:19:58.789 [main] INFO  o.a.k.c.producer.ProducerConfig - ProducerConfig values: 
	acks = -1
	auto.include.jmx.reporter = true
	batch.size = 16384
	bootstrap.servers = [localhost:9092, localhost:9093]
	buffer.memory = 33554432
	client.dns.lookup = use_all_dns_ips
	client.id = producer-1
	compression.type = none
	connections.max.idle.ms = 540000
	delivery.timeout.ms = 120000
	enable.idempotence = true
	interceptor.classes = []
	key.serializer = class org.apache.kafka.common.serialization.StringSerializer
	linger.ms = 0
	max.block.ms = 60000
	max.in.flight.requests.per.connection = 5
	max.request.size = 1048576
	metadata.max.age.ms = 300000
	metadata.max.idle.ms = 300000
	metric.reporters = []
	metrics.num.samples = 2
	metrics.recording.level = INFO
	metrics.sample.window.ms = 30000
	partitioner.adaptive.partitioning.enable = true
	partitioner.availability.timeout.ms = 0
	partitioner.class = null
	partitioner.ignore.keys = false
	receive.buffer.bytes = 32768
	reconnect.backoff.max.ms = 1000
	reconnect.backoff.ms = 50
	request.timeout.ms = 30000
	retries = 2147483647
	retry.backoff.ms = 100
	sasl.client.callback.handler.class = null
	sasl.jaas.config = null
	sasl.kerberos.kinit.cmd = /usr/bin/kinit
	sasl.kerberos.min.time.before.relogin = 60000
	sasl.kerberos.service.name = null
	sasl.kerberos.ticket.renew.jitter = 0.05
	sasl.kerberos.ticket.renew.window.factor = 0.8
	sasl.login.callback.handler.class = null
	sasl.login.class = null
	sasl.login.connect.timeout.ms = null
	sasl.login.read.timeout.ms = null
	sasl.login.refresh.buffer.seconds = 300
	sasl.login.refresh.min.period.seconds = 60
	sasl.login.refresh.window.factor = 0.8
	sasl.login.refresh.window.jitter = 0.05
	sasl.login.retry.backoff.max.ms = 10000
	sasl.login.retry.backoff.ms = 100
	sasl.mechanism = GSSAPI
	sasl.oauthbearer.clock.skew.seconds = 30
	sasl.oauthbearer.expected.audience = null
	sasl.oauthbearer.expected.issuer = null
	sasl.oauthbearer.jwks.endpoint.refresh.ms = 3600000
	sasl.oauthbearer.jwks.endpoint.retry.backoff.max.ms = 10000
	sasl.oauthbearer.jwks.endpoint.retry.backoff.ms = 100
	sasl.oauthbearer.jwks.endpoint.url = null
	sasl.oauthbearer.scope.claim.name = scope
	sasl.oauthbearer.sub.claim.name = sub
	sasl.oauthbearer.token.endpoint.url = null
	security.protocol = PLAINTEXT
	security.providers = null
	send.buffer.bytes = 131072
	socket.connection.setup.timeout.max.ms = 30000
	socket.connection.setup.timeout.ms = 10000
	ssl.cipher.suites = null
	ssl.enabled.protocols = [TLSv1.2, TLSv1.3]
	ssl.endpoint.identification.algorithm = https
	ssl.engine.factory.class = null
	ssl.key.password = null
	ssl.keymanager.algorithm = SunX509
	ssl.keystore.certificate.chain = null
	ssl.keystore.key = null
	ssl.keystore.location = null
	ssl.keystore.password = null
	ssl.keystore.type = JKS
	ssl.protocol = TLSv1.3
	ssl.provider = null
	ssl.secure.random.implementation = null
	ssl.trustmanager.algorithm = PKIX
	ssl.truststore.certificates = null
	ssl.truststore.location = null
	ssl.truststore.password = null
	ssl.truststore.type = JKS
	transaction.timeout.ms = 60000
	transactional.id = null
	value.serializer = class org.apache.kafka.common.serialization.StringSerializer

11/08/2025 21:19:59.270 [main] INFO  o.a.k.clients.producer.KafkaProducer - [Producer clientId=producer-1] Instantiated an idempotent producer.
11/08/2025 21:19:59.405 [main] INFO  o.a.kafka.common.utils.AppInfoParser - Kafka version: 3.6.1
11/08/2025 21:19:59.411 [main] INFO  o.a.kafka.common.utils.AppInfoParser - Kafka commitId: 5e3c2b738d253ff5
11/08/2025 21:19:59.411 [main] INFO  o.a.kafka.common.utils.AppInfoParser - Kafka startTimeMs: 1754921999392
11/08/2025 21:19:59.426 [main] INFO  c.e.k.p.MessageProducerService - MessageProducerService initialized.
11/08/2025 21:19:59.450 [main] INFO  c.example.kafka.producer.ProducerApp - Producer service started.
11/08/2025 21:19:59.455 [main] INFO  c.example.kafka.producer.ProducerApp - Sending sample messages to topic 'replicated-topic'.
11/08/2025 21:20:00.396 [kafka-producer-network-thread | producer-1] INFO  org.apache.kafka.clients.Metadata - [Producer clientId=producer-1] Cluster ID: hUwnUS10T4mpU_UyPyHxZQ
11/08/2025 21:20:00.400 [kafka-producer-network-thread | producer-1] INFO  o.a.k.c.p.i.TransactionManager - [Producer clientId=producer-1] ProducerId set to 1002 with epoch 0
11/08/2025 21:20:00.525 [kafka-producer-network-thread | producer-1] INFO  c.e.k.p.MessageProducerService - Successfully sent message: key=0, value='Hello Kafka Message 0' to topic=replicated-topic, partition=0, offset=10
11/08/2025 21:20:00.540 [kafka-producer-network-thread | producer-1] INFO  c.e.k.p.MessageProducerService - Successfully sent message: key=1, value='Hello Kafka Message 1' to topic=replicated-topic, partition=0, offset=11
11/08/2025 21:20:00.642 [kafka-producer-network-thread | producer-1] INFO  c.e.k.p.MessageProducerService - Successfully sent message: key=2, value='Hello Kafka Message 2' to topic=replicated-topic, partition=0, offset=12
11/08/2025 21:20:00.745 [kafka-producer-network-thread | producer-1] INFO  c.e.k.p.MessageProducerService - Successfully sent message: key=3, value='Hello Kafka Message 3' to topic=replicated-topic, partition=0, offset=13
11/08/2025 21:20:00.845 [kafka-producer-network-thread | producer-1] INFO  c.e.k.p.MessageProducerService - Successfully sent message: key=4, value='Hello Kafka Message 4' to topic=replicated-topic, partition=0, offset=14
11/08/2025 21:20:00.936 [main] INFO  c.example.kafka.producer.ProducerApp - Finished sending sample messages.
11/08/2025 21:20:00.937 [main] INFO  c.e.k.p.MessageProducerService - Closing MessageProducerService...
11/08/2025 21:20:00.939 [main] INFO  o.a.k.clients.producer.KafkaProducer - [Producer clientId=producer-1] Closing the Kafka producer with timeoutMillis = 9223372036854775807 ms.
11/08/2025 21:20:00.958 [main] INFO  o.a.kafka.common.metrics.Metrics - Metrics scheduler closed
11/08/2025 21:20:00.959 [main] INFO  o.a.kafka.common.metrics.Metrics - Closing reporter org.apache.kafka.common.metrics.JmxReporter
11/08/2025 21:20:00.959 [main] INFO  o.a.kafka.common.metrics.Metrics - Metrics reporters closed
11/08/2025 21:20:00.960 [main] INFO  o.a.kafka.common.utils.AppInfoParser - App info kafka.producer for producer-1 unregistered
11/08/2025 21:20:00.961 [main] INFO  c.e.k.p.MessageProducerService - MessageProducerService closed.
11/08/2025 21:20:00.961 [main] INFO  c.example.kafka.producer.ProducerApp - Producer application finished.
