14/08/2025 11:30:25.469 [Test worker] WARN  o.a.k.s.p.internals.StateDirectory - Using an OS temp directory in the state.dir property can cause failures with writing the checkpoint file due to the fact that this directory can be cleared by the OS. Resolved state.dir: [C:\Users\hainh\AppData\Local\Temp\\kafka-streams]
14/08/2025 11:30:25.478 [Test worker] ERROR o.a.k.s.p.internals.StateDirectory - Failed to change permissions for the directory C:\Users\hainh\AppData\Local\Temp\kafka-streams
14/08/2025 11:30:25.480 [Test worker] ERROR o.a.k.s.p.internals.StateDirectory - Failed to change permissions for the directory C:\Users\hainh\AppData\Local\Temp\kafka-streams\test-simple-stream-processor-app
14/08/2025 11:30:26.187 [Test worker] INFO  o.a.k.s.s.i.RocksDBTimestampedStore - Opening store counts-store in regular mode
14/08/2025 11:30:26.199 [Test worker] INFO  o.a.k.s.p.i.ProcessorStateManager - topology-test-driver State store counts-store did not find checkpoint offset, hence would default to the starting offset at changelog test-simple-stream-processor-app-counts-store-changelog-0
14/08/2025 11:30:26.199 [Test worker] INFO  o.a.k.s.p.internals.StreamTask - stream-thread [Test worker] task [0_0] Initialized
14/08/2025 11:30:26.220 [Test worker] INFO  o.a.k.s.p.internals.StreamTask - stream-thread [Test worker] task [0_0] Restored and ready to run
14/08/2025 11:30:26.224 [Test worker] INFO  c.e.k.streams.SimpleStreamProcessor - Filtering: Key=keyA, Value=important message one
14/08/2025 11:30:26.224 [Test worker] INFO  c.e.k.streams.SimpleStreamProcessor - Mapping to uppercase: important message one
14/08/2025 11:30:26.277 [Test worker] INFO  c.e.k.streams.SimpleStreamProcessor - Filtering: Key=keyB, Value=another important message
14/08/2025 11:30:26.277 [Test worker] INFO  c.e.k.streams.SimpleStreamProcessor - Mapping to uppercase: another important message
14/08/2025 11:30:26.289 [Test worker] INFO  c.e.k.streams.SimpleStreamProcessor - Filtering: Key=keyA, Value=important message two
14/08/2025 11:30:26.289 [Test worker] INFO  c.e.k.streams.SimpleStreamProcessor - Mapping to uppercase: important message two
14/08/2025 11:30:26.304 [Test worker] INFO  c.e.k.streams.SimpleStreamProcessor - Filtering: Key=keyC, Value=final important message
14/08/2025 11:30:26.304 [Test worker] INFO  c.e.k.streams.SimpleStreamProcessor - Mapping to uppercase: final important message
14/08/2025 11:30:26.316 [Test worker] INFO  c.e.k.streams.SimpleStreamProcessor - Filtering: Key=keyA, Value=important message three
14/08/2025 11:30:26.316 [Test worker] INFO  c.e.k.streams.SimpleStreamProcessor - Mapping to uppercase: important message three
14/08/2025 11:30:26.343 [Test worker] INFO  o.a.k.s.p.internals.StreamTask - stream-thread [Test worker] task [0_0] Suspended from RUNNING
14/08/2025 11:30:26.358 [Test worker] INFO  o.a.k.s.p.i.RecordCollectorImpl - topology-test-driver Closing record collector clean
14/08/2025 11:30:26.359 [Test worker] INFO  o.a.k.s.p.internals.StreamTask - stream-thread [Test worker] task [0_0] Closed clean
14/08/2025 11:30:26.360 [Test worker] INFO  o.a.k.s.p.internals.StateDirectory - stream-thread [Test worker] Deleting task directory 0_0 for 0_0 as user calling cleanup.
14/08/2025 11:30:26.377 [Test worker] WARN  o.a.k.s.p.internals.StateDirectory - Using an OS temp directory in the state.dir property can cause failures with writing the checkpoint file due to the fact that this directory can be cleared by the OS. Resolved state.dir: [C:\Users\hainh\AppData\Local\Temp\\kafka-streams]
14/08/2025 11:30:26.377 [Test worker] ERROR o.a.k.s.p.internals.StateDirectory - Failed to change permissions for the directory C:\Users\hainh\AppData\Local\Temp\kafka-streams
14/08/2025 11:30:26.377 [Test worker] ERROR o.a.k.s.p.internals.StateDirectory - Failed to change permissions for the directory C:\Users\hainh\AppData\Local\Temp\kafka-streams\test-simple-stream-processor-app
14/08/2025 11:30:26.444 [Test worker] INFO  o.a.k.s.s.i.RocksDBTimestampedStore - Opening store counts-store in regular mode
14/08/2025 11:30:26.445 [Test worker] INFO  o.a.k.s.p.i.ProcessorStateManager - topology-test-driver State store counts-store did not find checkpoint offset, hence would default to the starting offset at changelog test-simple-stream-processor-app-counts-store-changelog-0
14/08/2025 11:30:26.445 [Test worker] INFO  o.a.k.s.p.internals.StreamTask - stream-thread [Test worker] task [0_0] Initialized
14/08/2025 11:30:26.449 [Test worker] INFO  o.a.k.s.p.internals.StreamTask - stream-thread [Test worker] task [0_0] Restored and ready to run
14/08/2025 11:30:26.449 [Test worker] INFO  c.e.k.streams.SimpleStreamProcessor - Filtering: Key=key1, Value=this is an important message
14/08/2025 11:30:26.449 [Test worker] INFO  c.e.k.streams.SimpleStreamProcessor - Mapping to uppercase: this is an important message
14/08/2025 11:30:26.463 [Test worker] INFO  c.e.k.streams.SimpleStreamProcessor - Filtering: Key=key2, Value=this is a normal message
14/08/2025 11:30:26.471 [Test worker] INFO  c.e.k.streams.SimpleStreamProcessor - Filtering: Key=key3, Value=another important one
14/08/2025 11:30:26.472 [Test worker] INFO  c.e.k.streams.SimpleStreamProcessor - Mapping to uppercase: another important one
14/08/2025 11:30:26.489 [Test worker] INFO  o.a.k.s.p.internals.StreamTask - stream-thread [Test worker] task [0_0] Suspended from RUNNING
14/08/2025 11:30:26.501 [Test worker] INFO  o.a.k.s.p.i.RecordCollectorImpl - topology-test-driver Closing record collector clean
14/08/2025 11:30:26.501 [Test worker] INFO  o.a.k.s.p.internals.StreamTask - stream-thread [Test worker] task [0_0] Closed clean
14/08/2025 11:30:26.502 [Test worker] INFO  o.a.k.s.p.internals.StateDirectory - stream-thread [Test worker] Deleting task directory 0_0 for 0_0 as user calling cleanup.
14/08/2025 11:30:26.511 [Test worker] WARN  o.a.k.s.p.internals.StateDirectory - Using an OS temp directory in the state.dir property can cause failures with writing the checkpoint file due to the fact that this directory can be cleared by the OS. Resolved state.dir: [C:\Users\hainh\AppData\Local\Temp\\kafka-streams]
14/08/2025 11:30:26.512 [Test worker] ERROR o.a.k.s.p.internals.StateDirectory - Failed to change permissions for the directory C:\Users\hainh\AppData\Local\Temp\kafka-streams
14/08/2025 11:30:26.512 [Test worker] ERROR o.a.k.s.p.internals.StateDirectory - Failed to change permissions for the directory C:\Users\hainh\AppData\Local\Temp\kafka-streams\test-simple-stream-processor-app
14/08/2025 11:30:26.577 [Test worker] INFO  o.a.k.s.s.i.RocksDBTimestampedStore - Opening store counts-store in regular mode
14/08/2025 11:30:26.577 [Test worker] INFO  o.a.k.s.p.i.ProcessorStateManager - topology-test-driver State store counts-store did not find checkpoint offset, hence would default to the starting offset at changelog test-simple-stream-processor-app-counts-store-changelog-0
14/08/2025 11:30:26.577 [Test worker] INFO  o.a.k.s.p.internals.StreamTask - stream-thread [Test worker] task [0_0] Initialized
14/08/2025 11:30:26.581 [Test worker] INFO  o.a.k.s.p.internals.StreamTask - stream-thread [Test worker] task [0_0] Restored and ready to run
14/08/2025 11:30:26.582 [Test worker] INFO  c.e.k.streams.SimpleStreamProcessor - Filtering: Key=key1, Value=this is an important message
14/08/2025 11:30:26.582 [Test worker] INFO  c.e.k.streams.SimpleStreamProcessor - Mapping to uppercase: this is an important message
14/08/2025 11:30:26.596 [Test worker] INFO  o.a.k.s.p.internals.StreamTask - stream-thread [Test worker] task [0_0] Suspended from RUNNING
14/08/2025 11:30:26.607 [Test worker] INFO  o.a.k.s.p.i.RecordCollectorImpl - topology-test-driver Closing record collector clean
14/08/2025 11:30:26.607 [Test worker] INFO  o.a.k.s.p.internals.StreamTask - stream-thread [Test worker] task [0_0] Closed clean
14/08/2025 11:30:26.608 [Test worker] INFO  o.a.k.s.p.internals.StateDirectory - stream-thread [Test worker] Deleting task directory 0_0 for 0_0 as user calling cleanup.
