11/08/2025 21:32:50.966 [main] INFO  o.a.k.c.consumer.ConsumerConfig - ConsumerConfig values: 
	allow.auto.create.topics = true
	auto.commit.interval.ms = 5000
	auto.include.jmx.reporter = true
	auto.offset.reset = earliest
	bootstrap.servers = [localhost:9092, localhost:9093]
	check.crcs = true
	client.dns.lookup = use_all_dns_ips
	client.id = consumer-learning-group-1
	client.rack = 
	connections.max.idle.ms = 540000
	default.api.timeout.ms = 60000
	enable.auto.commit = false
	exclude.internal.topics = true
	fetch.max.bytes = 52428800
	fetch.max.wait.ms = 500
	fetch.min.bytes = 1
	group.id = learning-group
	group.instance.id = null
	heartbeat.interval.ms = 3000
	interceptor.classes = []
	internal.leave.group.on.close = true
	internal.throw.on.fetch.stable.offset.unsupported = false
	isolation.level = read_uncommitted
	key.deserializer = class org.apache.kafka.common.serialization.StringDeserializer
	max.partition.fetch.bytes = 1048576
	max.poll.interval.ms = 300000
	max.poll.records = 500
	metadata.max.age.ms = 300000
	metric.reporters = []
	metrics.num.samples = 2
	metrics.recording.level = INFO
	metrics.sample.window.ms = 30000
	partition.assignment.strategy = [class org.apache.kafka.clients.consumer.RangeAssignor, class org.apache.kafka.clients.consumer.CooperativeStickyAssignor]
	receive.buffer.bytes = 65536
	reconnect.backoff.max.ms = 1000
	reconnect.backoff.ms = 50
	request.timeout.ms = 30000
	retry.backoff.ms = 100
	sasl.client.callback.handler.class = null
	sasl.jaas.config = null
	sasl.kerberos.kinit.cmd = /usr/bin/kinit
	sasl.kerberos.min.time.before.relogin = 60000
	sasl.kerberos.service.name = null
	sasl.kerberos.ticket.renew.jitter = 0.05
	sasl.kerberos.ticket.renew.window.factor = 0.8
	sasl.login.callback.handler.class = null
	sasl.login.class = null
	sasl.login.connect.timeout.ms = null
	sasl.login.read.timeout.ms = null
	sasl.login.refresh.buffer.seconds = 300
	sasl.login.refresh.min.period.seconds = 60
	sasl.login.refresh.window.factor = 0.8
	sasl.login.refresh.window.jitter = 0.05
	sasl.login.retry.backoff.max.ms = 10000
	sasl.login.retry.backoff.ms = 100
	sasl.mechanism = GSSAPI
	sasl.oauthbearer.clock.skew.seconds = 30
	sasl.oauthbearer.expected.audience = null
	sasl.oauthbearer.expected.issuer = null
	sasl.oauthbearer.jwks.endpoint.refresh.ms = 3600000
	sasl.oauthbearer.jwks.endpoint.retry.backoff.max.ms = 10000
	sasl.oauthbearer.jwks.endpoint.retry.backoff.ms = 100
	sasl.oauthbearer.jwks.endpoint.url = null
	sasl.oauthbearer.scope.claim.name = scope
	sasl.oauthbearer.sub.claim.name = sub
	sasl.oauthbearer.token.endpoint.url = null
	security.protocol = PLAINTEXT
	security.providers = null
	send.buffer.bytes = 131072
	session.timeout.ms = 45000
	socket.connection.setup.timeout.max.ms = 30000
	socket.connection.setup.timeout.ms = 10000
	ssl.cipher.suites = null
	ssl.enabled.protocols = [TLSv1.2, TLSv1.3]
	ssl.endpoint.identification.algorithm = https
	ssl.engine.factory.class = null
	ssl.key.password = null
	ssl.keymanager.algorithm = SunX509
	ssl.keystore.certificate.chain = null
	ssl.keystore.key = null
	ssl.keystore.location = null
	ssl.keystore.password = null
	ssl.keystore.type = JKS
	ssl.protocol = TLSv1.3
	ssl.provider = null
	ssl.secure.random.implementation = null
	ssl.trustmanager.algorithm = PKIX
	ssl.truststore.certificates = null
	ssl.truststore.location = null
	ssl.truststore.password = null
	ssl.truststore.type = JKS
	value.deserializer = class org.apache.kafka.common.serialization.StringDeserializer

11/08/2025 21:32:51.524 [main] INFO  o.a.kafka.common.utils.AppInfoParser - Kafka version: 3.6.1
11/08/2025 21:32:51.527 [main] INFO  o.a.kafka.common.utils.AppInfoParser - Kafka commitId: 5e3c2b738d253ff5
11/08/2025 21:32:51.528 [main] INFO  o.a.kafka.common.utils.AppInfoParser - Kafka startTimeMs: 1754922771521
11/08/2025 21:32:51.537 [Thread-0] INFO  o.a.k.clients.consumer.KafkaConsumer - [Consumer clientId=consumer-learning-group-1, groupId=learning-group] Subscribed to topic(s): replicated-topic
11/08/2025 21:32:51.538 [Thread-0] INFO  c.e.k.c.MessageConsumerService - MessageConsumerService started. Subscribed to topic: replicated-topic
11/08/2025 21:32:52.154 [Thread-0] INFO  org.apache.kafka.clients.Metadata - [Consumer clientId=consumer-learning-group-1, groupId=learning-group] Cluster ID: kCgXYFPhRWa8ev1Q79Pc1g
11/08/2025 21:32:52.157 [Thread-0] INFO  o.a.k.c.c.i.ConsumerCoordinator - [Consumer clientId=consumer-learning-group-1, groupId=learning-group] Discovered group coordinator localhost:9092 (id: 2147483646 rack: null)
11/08/2025 21:32:52.161 [Thread-0] INFO  o.a.k.c.c.i.ConsumerCoordinator - [Consumer clientId=consumer-learning-group-1, groupId=learning-group] (Re-)joining group
11/08/2025 21:32:52.200 [Thread-0] INFO  o.a.k.c.c.i.ConsumerCoordinator - [Consumer clientId=consumer-learning-group-1, groupId=learning-group] Request joining group due to: need to re-join with the given member-id: consumer-learning-group-1-b094d3c1-5e09-4e56-8b21-66263b6328d3
11/08/2025 21:32:52.201 [Thread-0] INFO  o.a.k.c.c.i.ConsumerCoordinator - [Consumer clientId=consumer-learning-group-1, groupId=learning-group] Request joining group due to: rebalance failed due to 'The group member needs to have a valid member id before actually entering a consumer group.' (MemberIdRequiredException)
11/08/2025 21:32:52.202 [Thread-0] INFO  o.a.k.c.c.i.ConsumerCoordinator - [Consumer clientId=consumer-learning-group-1, groupId=learning-group] (Re-)joining group
11/08/2025 21:32:52.787 [Thread-0] INFO  o.a.k.c.c.i.ConsumerCoordinator - [Consumer clientId=consumer-learning-group-1, groupId=learning-group] Successfully joined group with generation Generation{generationId=4, memberId='consumer-learning-group-1-b094d3c1-5e09-4e56-8b21-66263b6328d3', protocol='range'}
11/08/2025 21:32:52.794 [Thread-0] INFO  o.a.k.c.c.i.ConsumerCoordinator - [Consumer clientId=consumer-learning-group-1, groupId=learning-group] Successfully synced group in generation Generation{generationId=4, memberId='consumer-learning-group-1-b094d3c1-5e09-4e56-8b21-66263b6328d3', protocol='range'}
11/08/2025 21:32:52.800 [Thread-0] INFO  o.a.k.c.c.i.ConsumerCoordinator - [Consumer clientId=consumer-learning-group-1, groupId=learning-group] Notifying assignor about the new Assignment(partitions=[replicated-topic-0])
11/08/2025 21:32:52.804 [Thread-0] INFO  o.a.k.c.c.i.ConsumerCoordinator - [Consumer clientId=consumer-learning-group-1, groupId=learning-group] Adding newly assigned partitions: replicated-topic-0
11/08/2025 21:32:52.834 [Thread-0] INFO  o.a.k.c.c.i.ConsumerCoordinator - [Consumer clientId=consumer-learning-group-1, groupId=learning-group] Setting offset for partition replicated-topic-0 to the committed offset FetchPosition{offset=5, offsetEpoch=Optional[0], currentLeader=LeaderAndEpoch{leader=Optional[localhost:9092 (id: 1 rack: null)], epoch=0}}
11/08/2025 21:41:52.333 [Thread-0] INFO  o.apache.kafka.clients.NetworkClient - [Consumer clientId=consumer-learning-group-1, groupId=learning-group] Node -2 disconnected.
11/08/2025 21:46:37.433 [Thread-0] INFO  c.e.k.c.MessageConsumerService - Received message: partition=0, offset=5, key=0, value='Hello Kafka Message 0'
11/08/2025 21:46:37.462 [Thread-0] INFO  c.e.k.c.MessageConsumerService - Received message: partition=0, offset=6, key=1, value='Hello Kafka Message 1'
11/08/2025 21:46:37.554 [Thread-0] INFO  c.e.k.c.MessageConsumerService - Received message: partition=0, offset=7, key=2, value='Hello Kafka Message 2'
11/08/2025 21:46:37.665 [Thread-0] INFO  c.e.k.c.MessageConsumerService - Received message: partition=0, offset=8, key=3, value='Hello Kafka Message 3'
11/08/2025 21:46:37.775 [Thread-0] INFO  c.e.k.c.MessageConsumerService - Received message: partition=0, offset=9, key=4, value='Hello Kafka Message 4'
11/08/2025 21:47:48.369 [Thread-0] INFO  c.e.k.c.MessageConsumerService - Received message: partition=0, offset=10, key=0, value='Hello Kafka Message 0'
11/08/2025 21:47:48.438 [Thread-0] INFO  c.e.k.c.MessageConsumerService - Received message: partition=0, offset=11, key=1, value='Hello Kafka Message 1'
11/08/2025 21:47:48.542 [Thread-0] INFO  c.e.k.c.MessageConsumerService - Received message: partition=0, offset=12, key=2, value='Hello Kafka Message 2'
11/08/2025 21:47:48.640 [Thread-0] INFO  c.e.k.c.MessageConsumerService - Received message: partition=0, offset=13, key=3, value='Hello Kafka Message 3'
11/08/2025 21:47:48.751 [Thread-0] INFO  c.e.k.c.MessageConsumerService - Received message: partition=0, offset=14, key=4, value='Hello Kafka Message 4'
11/08/2025 21:47:55.058 [Thread-0] INFO  c.e.k.c.MessageConsumerService - Received message: partition=0, offset=15, key=0, value='Hello Kafka Message 0'
11/08/2025 21:47:55.122 [Thread-0] INFO  c.e.k.c.MessageConsumerService - Received message: partition=0, offset=16, key=1, value='Hello Kafka Message 1'
11/08/2025 21:47:55.225 [Thread-0] INFO  c.e.k.c.MessageConsumerService - Received message: partition=0, offset=17, key=2, value='Hello Kafka Message 2'
11/08/2025 21:47:55.324 [Thread-0] INFO  c.e.k.c.MessageConsumerService - Received message: partition=0, offset=18, key=3, value='Hello Kafka Message 3'
11/08/2025 21:47:55.423 [Thread-0] INFO  c.e.k.c.MessageConsumerService - Received message: partition=0, offset=19, key=4, value='Hello Kafka Message 4'
11/08/2025 21:48:09.349 [Thread-0] INFO  c.e.k.c.MessageConsumerService - Received message: partition=0, offset=20, key=0, value='Hello Kafka Message 0'
11/08/2025 21:48:09.401 [Thread-0] INFO  c.e.k.c.MessageConsumerService - Received message: partition=0, offset=21, key=1, value='Hello Kafka Message 1'
11/08/2025 21:48:09.512 [Thread-0] INFO  c.e.k.c.MessageConsumerService - Received message: partition=0, offset=22, key=2, value='Hello Kafka Message 2'
11/08/2025 21:48:09.604 [Thread-0] INFO  c.e.k.c.MessageConsumerService - Received message: partition=0, offset=23, key=3, value='Hello Kafka Message 3'
11/08/2025 21:48:09.706 [Thread-0] INFO  c.e.k.c.MessageConsumerService - Received message: partition=0, offset=24, key=4, value='Hello Kafka Message 4'
